{
  "RSpec": {
    "coverage": {
      "/Users/zetacu/projects/tests/ascii_art/config/environment.rb": [
        null,
        1,
        null,
        null,
        1
      ],
      "/Users/zetacu/projects/tests/ascii_art/config/application.rb": [
        1,
        null,
        1,
        null,
        1,
        null,
        1,
        null,
        null,
        null,
        null,
        1,
        1,
        null,
        null,
        null,
        null,
        null,
        null,
        null,
        null,
        null,
        null,
        null,
        null,
        null,
        null,
        null,
        null,
        null,
        null,
        null,
        null,
        null,
        null,
        null,
        1,
        null,
        null,
        1,
        null,
        null,
        1,
        null,
        null,
        null,
        null,
        null,
        null,
        null,
        null,
        null,
        null,
        1,
        null,
        null,
        1,
        null,
        null,
        1,
        null,
        null
      ],
      "/Users/zetacu/projects/tests/ascii_art/config/boot.rb": [
        1,
        null,
        null,
        1,
        null,
        1
      ],
      "/Users/zetacu/projects/tests/ascii_art/config/environments/test.rb": [
        1,
        null,
        null,
        null,
        null,
        null,
        null,
        1,
        null,
        null,
        1,
        1,
        null,
        null,
        1,
        null,
        null,
        1,
        1,
        null,
        null,
        1,
        null,
        null,
        1,
        null,
        null,
        null,
        null,
        1,
        null,
        null,
        1,
        null,
        null,
        1,
        null
      ],
      "/Users/zetacu/projects/tests/ascii_art/config/initializers/backtrace_silencers.rb": [
        null,
        null,
        null,
        null,
        null,
        null,
        null
      ],
      "/Users/zetacu/projects/tests/ascii_art/config/initializers/inflections.rb": [
        null,
        null,
        null,
        null,
        null,
        null,
        null,
        null,
        null,
        null,
        null,
        null,
        null,
        null,
        null
      ],
      "/Users/zetacu/projects/tests/ascii_art/config/initializers/mime_types.rb": [
        null,
        null,
        null,
        null,
        null
      ],
      "/Users/zetacu/projects/tests/ascii_art/config/initializers/rdebug.rb": [
        1,
        1,
        1,
        1,
        1,
        1,
        null
      ]
    },
    "timestamp": 1373941851
  }
}
